{"/Users/yuanchao/work/webpack/packd4/config/webpack.base.js":{"path":"/Users/yuanchao/work/webpack/packd4/config/webpack.base.js","s":{"1":1,"2":1,"3":1,"4":1,"5":1,"6":1,"7":1,"8":1,"9":1,"10":1,"11":1,"12":1,"13":3,"14":3,"15":3,"16":3,"17":3,"18":3,"19":1,"20":1,"21":1},"b":{"1":[3,3],"2":[0,1],"3":[0,1]},"f":{},"fnMap":{},"statementMap":{"1":{"start":{"line":3,"column":0},"end":{"line":3,"column":29}},"2":{"start":{"line":4,"column":0},"end":{"line":4,"column":29}},"3":{"start":{"line":5,"column":0},"end":{"line":5,"column":57}},"4":{"start":{"line":6,"column":0},"end":{"line":6,"column":63}},"5":{"start":{"line":7,"column":0},"end":{"line":7,"column":64}},"6":{"start":{"line":8,"column":0},"end":{"line":8,"column":55}},"7":{"start":{"line":9,"column":0},"end":{"line":9,"column":34}},"8":{"start":{"line":11,"column":0},"end":{"line":45,"column":1}},"9":{"start":{"line":12,"column":1},"end":{"line":12,"column":18}},"10":{"start":{"line":13,"column":1},"end":{"line":13,"column":30}},"11":{"start":{"line":14,"column":1},"end":{"line":14,"column":73}},"12":{"start":{"line":15,"column":1},"end":{"line":39,"column":3}},"13":{"start":{"line":17,"column":3},"end":{"line":17,"column":38}},"14":{"start":{"line":18,"column":3},"end":{"line":18,"column":56}},"15":{"start":{"line":19,"column":3},"end":{"line":19,"column":38}},"16":{"start":{"line":20,"column":3},"end":{"line":20,"column":24}},"17":{"start":{"line":21,"column":3},"end":{"line":21,"column":31}},"18":{"start":{"line":22,"column":3},"end":{"line":37,"column":5}},"19":{"start":{"line":41,"column":1},"end":{"line":44,"column":2}},"20":{"start":{"line":46,"column":0},"end":{"line":46,"column":45}},"21":{"start":{"line":48,"column":0},"end":{"line":74,"column":1}}},"branchMap":{"1":{"line":19,"type":"binary-expr","locations":[{"start":{"line":19,"column":20},"end":{"line":19,"column":25}},{"start":{"line":19,"column":29},"end":{"line":19,"column":37}}]},"2":{"line":70,"type":"cond-expr","locations":[{"start":{"line":70,"column":20},"end":{"line":70,"column":32}},{"start":{"line":70,"column":33},"end":{"line":70,"column":61}}]},"3":{"line":71,"type":"cond-expr","locations":[{"start":{"line":71,"column":25},"end":{"line":71,"column":35}},{"start":{"line":71,"column":36},"end":{"line":71,"column":62}}]}}}}